android/app/build/intermediates/manifest_merge_blame_file/release/manifest-merger-blame-release-report.txt
1<?xml version="1.0" encoding="utf-8"?>
2<manifest xmlns:android="http://schemas.android.com/apk/res/android"
3    package="com.popingressos"
4    android:versionCode="1"
5    android:versionName="1.0.1" >
6
7    <uses-sdk
8        android:minSdkVersion="23"
8-->src\main\AndroidManifest.xml
9        android:targetSdkVersion="30" />
9-->src\main\AndroidManifest.xml
10
11    <uses-permission android:name="android.permission.INTERNET" />
11-->src\main\AndroidManifest.xml:7:5-67
11-->src\main\AndroidManifest.xml:7:22-64
12    <uses-permission android:name="android.permission.SYSTEM_ALERT_WINDOW" />
12-->src\main\AndroidManifest.xml:8:5-77
12-->src\main\AndroidManifest.xml:8:22-75
13    <uses-permission android:name="android.permission.VIBRATE" />
13-->src\main\AndroidManifest.xml:9:5-65
13-->src\main\AndroidManifest.xml:9:22-63
14    <uses-permission android:name="android.permission.ACCESS_NETWORK_STATE" />
14-->src\main\AndroidManifest.xml:10:5-79
14-->src\main\AndroidManifest.xml:10:22-76
15    <uses-permission android:name="android.permission.ACCESS_WIFI_STATE" />
15-->src\main\AndroidManifest.xml:11:5-76
15-->src\main\AndroidManifest.xml:11:22-73
16    <uses-permission android:name="android.permission.CAMERA" />
16-->src\main\AndroidManifest.xml:14:5-64
16-->src\main\AndroidManifest.xml:14:22-62
17    <uses-permission android:name="android.permission.RECORD_AUDIO" />
17-->src\main\AndroidManifest.xml:15:5-70
17-->src\main\AndroidManifest.xml:15:22-68
18    <uses-permission android:name="android.permission.RECORD_VIDEO" />
18-->src\main\AndroidManifest.xml:16:5-70
18-->src\main\AndroidManifest.xml:16:22-68
19    <uses-permission android:name="android.permission.READ_EXTERNAL_STORAGE" />
19-->src\main\AndroidManifest.xml:17:5-80
19-->src\main\AndroidManifest.xml:17:22-77
20    <uses-permission android:name="android.permission.WRITE_EXTERNAL_STORAGE" />
20-->src\main\AndroidManifest.xml:18:5-81
20-->src\main\AndroidManifest.xml:18:22-78
21    <uses-permission android:name="android.permission.BLUETOOTH" />
21-->src\main\AndroidManifest.xml:19:5-67
21-->src\main\AndroidManifest.xml:19:22-65
22    <uses-permission android:name="android.permission.READ_PHONE_STATE" />
22-->src\main\AndroidManifest.xml:20:5-74
22-->src\main\AndroidManifest.xml:20:22-72
23
24    <uses-feature
24-->[:react-native-camera] AndroidManifest.xml:11:5-13:36
25        android:name="android.hardware.camera"
25-->[:react-native-camera] AndroidManifest.xml:12:9-47
26        android:required="false" />
26-->[:react-native-camera] AndroidManifest.xml:13:9-33
27    <uses-feature
27-->[:react-native-camera] AndroidManifest.xml:14:5-16:36
28        android:name="android.hardware.camera.autofocus"
28-->[:react-native-camera] AndroidManifest.xml:15:9-57
29        android:required="false" />
29-->[:react-native-camera] AndroidManifest.xml:16:9-33
30
31    <uses-permission android:name="android.permission.ACCESS_COARSE_LOCATION" />
31-->[:react-native-maps] AndroidManifest.xml:10:5-81
31-->[:react-native-maps] AndroidManifest.xml:10:22-78
32    <uses-permission android:name="android.permission.ACCESS_FINE_LOCATION" />
32-->[:react-native-geolocation-service] AndroidManifest.xml:12:5-79
32-->[:react-native-geolocation-service] AndroidManifest.xml:12:22-76
33
34    <queries>
34-->[:react-native-image-crop-picker] AndroidManifest.xml:10:5-14:15
35        <intent>
35-->[:react-native-image-crop-picker] AndroidManifest.xml:11:9-13:18
36            <action android:name="android.media.action.IMAGE_CAPTURE" />
36-->[:react-native-image-crop-picker] AndroidManifest.xml:12:13-73
36-->[:react-native-image-crop-picker] AndroidManifest.xml:12:21-70
37        </intent>
38    </queries> <!-- Create a unique permission for your app and use it so only your app can receive your OneSignal messages. -->
39    <permission
39-->[com.onesignal:OneSignal:4.1.0] AndroidManifest.xml:7:5-9:47
40        android:name="com.popingressos.permission.C2D_MESSAGE"
40-->[com.onesignal:OneSignal:4.1.0] AndroidManifest.xml:8:9-63
41        android:protectionLevel="signature" />
41-->[com.onesignal:OneSignal:4.1.0] AndroidManifest.xml:9:9-44
42
43    <uses-permission android:name="com.popingressos.permission.C2D_MESSAGE" /> <!-- c2dm RECEIVE are basic requirements for push messages through Google's FCM -->
43-->[com.onesignal:OneSignal:4.1.0] AndroidManifest.xml:11:5-79
43-->[com.onesignal:OneSignal:4.1.0] AndroidManifest.xml:11:22-76
44    <uses-permission android:name="com.google.android.c2dm.permission.RECEIVE" /> <!-- Required, makes sure notifications are delivered on time. -->
44-->[com.onesignal:OneSignal:4.1.0] AndroidManifest.xml:17:5-82
44-->[com.onesignal:OneSignal:4.1.0] AndroidManifest.xml:17:22-79
45    <uses-permission android:name="android.permission.WAKE_LOCK" />
45-->[com.onesignal:OneSignal:4.1.0] AndroidManifest.xml:18:5-68
45-->[com.onesignal:OneSignal:4.1.0] AndroidManifest.xml:18:22-65
46    <!--
47 Use to restore notifications the user hasn't interacted with.
48         They could be missed notifications if the user reboots their device if this isn't in place.
49    -->
50    <uses-permission android:name="android.permission.RECEIVE_BOOT_COMPLETED" /> <!-- START: ShortcutBadger -->
50-->[com.onesignal:OneSignal:4.1.0] AndroidManifest.xml:29:5-81
50-->[com.onesignal:OneSignal:4.1.0] AndroidManifest.xml:29:22-78
51    <!-- Samsung -->
52    <uses-permission android:name="com.sec.android.provider.badge.permission.READ" />
52-->[com.onesignal:OneSignal:4.1.0] AndroidManifest.xml:31:5-86
52-->[com.onesignal:OneSignal:4.1.0] AndroidManifest.xml:31:22-83
53    <uses-permission android:name="com.sec.android.provider.badge.permission.WRITE" /> <!-- HTC -->
53-->[com.onesignal:OneSignal:4.1.0] AndroidManifest.xml:32:5-87
53-->[com.onesignal:OneSignal:4.1.0] AndroidManifest.xml:32:22-84
54    <uses-permission android:name="com.htc.launcher.permission.READ_SETTINGS" />
54-->[com.onesignal:OneSignal:4.1.0] AndroidManifest.xml:33:5-81
54-->[com.onesignal:OneSignal:4.1.0] AndroidManifest.xml:33:22-78
55    <uses-permission android:name="com.htc.launcher.permission.UPDATE_SHORTCUT" /> <!-- Sony -->
55-->[com.onesignal:OneSignal:4.1.0] AndroidManifest.xml:34:5-83
55-->[com.onesignal:OneSignal:4.1.0] AndroidManifest.xml:34:22-80
56    <uses-permission android:name="com.sonyericsson.home.permission.BROADCAST_BADGE" />
56-->[com.onesignal:OneSignal:4.1.0] AndroidManifest.xml:35:5-88
56-->[com.onesignal:OneSignal:4.1.0] AndroidManifest.xml:35:22-85
57    <uses-permission android:name="com.sonymobile.home.permission.PROVIDER_INSERT_BADGE" /> <!-- Apex -->
57-->[com.onesignal:OneSignal:4.1.0] AndroidManifest.xml:36:5-92
57-->[com.onesignal:OneSignal:4.1.0] AndroidManifest.xml:36:22-89
58    <uses-permission android:name="com.anddoes.launcher.permission.UPDATE_COUNT" /> <!-- Solid -->
58-->[com.onesignal:OneSignal:4.1.0] AndroidManifest.xml:37:5-84
58-->[com.onesignal:OneSignal:4.1.0] AndroidManifest.xml:37:22-81
59    <uses-permission android:name="com.majeur.launcher.permission.UPDATE_BADGE" /> <!-- Huawei -->
59-->[com.onesignal:OneSignal:4.1.0] AndroidManifest.xml:38:5-83
59-->[com.onesignal:OneSignal:4.1.0] AndroidManifest.xml:38:22-80
60    <uses-permission android:name="com.huawei.android.launcher.permission.CHANGE_BADGE" />
60-->[com.onesignal:OneSignal:4.1.0] AndroidManifest.xml:39:5-91
60-->[com.onesignal:OneSignal:4.1.0] AndroidManifest.xml:39:22-88
61    <uses-permission android:name="com.huawei.android.launcher.permission.READ_SETTINGS" />
61-->[com.onesignal:OneSignal:4.1.0] AndroidManifest.xml:40:5-92
61-->[com.onesignal:OneSignal:4.1.0] AndroidManifest.xml:40:22-89
62    <uses-permission android:name="com.huawei.android.launcher.permission.WRITE_SETTINGS" /> <!-- ZUK -->
62-->[com.onesignal:OneSignal:4.1.0] AndroidManifest.xml:41:5-93
62-->[com.onesignal:OneSignal:4.1.0] AndroidManifest.xml:41:22-90
63    <uses-permission android:name="android.permission.READ_APP_BADGE" /> <!-- OPPO -->
63-->[com.onesignal:OneSignal:4.1.0] AndroidManifest.xml:42:5-73
63-->[com.onesignal:OneSignal:4.1.0] AndroidManifest.xml:42:22-70
64    <uses-permission android:name="com.oppo.launcher.permission.READ_SETTINGS" />
64-->[com.onesignal:OneSignal:4.1.0] AndroidManifest.xml:43:5-82
64-->[com.onesignal:OneSignal:4.1.0] AndroidManifest.xml:43:22-79
65    <uses-permission android:name="com.oppo.launcher.permission.WRITE_SETTINGS" /> <!-- EvMe -->
65-->[com.onesignal:OneSignal:4.1.0] AndroidManifest.xml:44:5-83
65-->[com.onesignal:OneSignal:4.1.0] AndroidManifest.xml:44:22-80
66    <uses-permission android:name="me.everything.badger.permission.BADGE_COUNT_READ" />
66-->[com.onesignal:OneSignal:4.1.0] AndroidManifest.xml:45:5-88
66-->[com.onesignal:OneSignal:4.1.0] AndroidManifest.xml:45:22-85
67    <uses-permission android:name="me.everything.badger.permission.BADGE_COUNT_WRITE" />
67-->[com.onesignal:OneSignal:4.1.0] AndroidManifest.xml:46:5-89
67-->[com.onesignal:OneSignal:4.1.0] AndroidManifest.xml:46:22-86
68
69    <uses-feature
69-->[com.google.android.gms:play-services-maps:17.0.0] AndroidManifest.xml:26:5-28:35
70        android:glEsVersion="0x00020000"
70-->[com.google.android.gms:play-services-maps:17.0.0] AndroidManifest.xml:27:9-41
71        android:required="true" /> <!-- Include required permissions for Advertising Id -->
71-->[com.google.android.gms:play-services-maps:17.0.0] AndroidManifest.xml:28:9-32
72    <uses-permission android:name="com.google.android.gms.permission.AD_ID" />
72-->[com.google.android.gms:play-services-ads-identifier:17.1.0] AndroidManifest.xml:23:5-79
72-->[com.google.android.gms:play-services-ads-identifier:17.1.0] AndroidManifest.xml:23:22-76
73    <uses-permission android:name="android.permission.FOREGROUND_SERVICE" />
73-->[androidx.work:work-runtime:2.6.0] AndroidManifest.xml:28:5-77
73-->[androidx.work:work-runtime:2.6.0] AndroidManifest.xml:28:22-74
74    <uses-permission android:name="com.google.android.finsky.permission.BIND_GET_INSTALL_REFERRER_SERVICE" />
74-->[com.android.installreferrer:installreferrer:1.1.2] AndroidManifest.xml:9:5-110
74-->[com.android.installreferrer:installreferrer:1.1.2] AndroidManifest.xml:9:22-107
75
76    <application
76-->src\main\AndroidManifest.xml:22:5-63:19
77        android:name="com.popingressos.MainApplication"
77-->src\main\AndroidManifest.xml:23:9-40
78        android:allowBackup="true"
78-->src\main\AndroidManifest.xml:24:9-35
79        android:appComponentFactory="androidx.core.app.CoreComponentFactory"
79-->[androidx.core:core:1.4.0-alpha01] AndroidManifest.xml:24:18-86
80        android:extractNativeLibs="false"
81        android:icon="@mipmap/ic_launcher"
81-->src\main\AndroidManifest.xml:27:9-43
82        android:label="@string/app_name"
82-->src\main\AndroidManifest.xml:25:9-41
83        android:launchMode="singleTask"
83-->src\main\AndroidManifest.xml:26:9-40
84        android:supportsRtl="true"
84-->[com.facebook.android:facebook-android-sdk:9.0.0] AndroidManifest.xml:28:18-44
85        android:theme="@style/AppTheme" >
85-->src\main\AndroidManifest.xml:29:9-40
86        <activity
86-->src\main\AndroidManifest.xml:31:9-41:20
87            android:name="com.popingressos.MainActivity"
87-->src\main\AndroidManifest.xml:32:13-41
88            android:configChanges="keyboard|keyboardHidden|orientation|screenSize"
88-->src\main\AndroidManifest.xml:34:13-83
89            android:label="@string/app_name"
89-->src\main\AndroidManifest.xml:33:13-45
90            android:screenOrientation="portrait"
90-->src\main\AndroidManifest.xml:35:13-49
91            android:windowSoftInputMode="adjustResize" >
91-->src\main\AndroidManifest.xml:36:13-55
92            <intent-filter>
92-->src\main\AndroidManifest.xml:37:13-40:29
93                <action android:name="android.intent.action.MAIN" />
93-->src\main\AndroidManifest.xml:38:17-69
93-->src\main\AndroidManifest.xml:38:25-66
94
95                <category android:name="android.intent.category.LAUNCHER" />
95-->src\main\AndroidManifest.xml:39:17-77
95-->src\main\AndroidManifest.xml:39:27-74
96            </intent-filter>
97        </activity>
98
99        <meta-data
99-->src\main\AndroidManifest.xml:43:9-107
100            android:name="com.facebook.sdk.ApplicationId"
100-->src\main\AndroidManifest.xml:43:20-65
101            android:value="@string/facebook_app_id" />
101-->src\main\AndroidManifest.xml:43:66-105
102        <meta-data
102-->src\main\AndroidManifest.xml:44:9-111
103            android:name="com.facebook.sdk.ClientToken"
103-->src\main\AndroidManifest.xml:44:20-63
104            android:value="@string/facebook_client_token" />
104-->src\main\AndroidManifest.xml:44:64-109
105        <meta-data
105-->src\main\AndroidManifest.xml:46:9-48:68
106            android:name="com.google.android.geo.API_KEY"
106-->src\main\AndroidManifest.xml:47:11-56
107            android:value="AIzaSyCVXBxoTa9tJhb9aTvHRN0116vHPI4F26I" />
107-->src\main\AndroidManifest.xml:48:11-66
108
109        <!-- You will also only need to add this uses-libray tag -->
110        <uses-library
110-->src\main\AndroidManifest.xml:51:9-87
111            android:name="org.apache.http.legacy"
111-->src\main\AndroidManifest.xml:51:23-60
112            android:required="false" />
112-->src\main\AndroidManifest.xml:51:61-85
113
114        <activity android:name="com.popingressos.ResponseActivity" >
114-->src\main\AndroidManifest.xml:53:9-61:20
114-->src\main\AndroidManifest.xml:53:19-51
115            <intent-filter>
115-->src\main\AndroidManifest.xml:54:9-60:25
116                <action android:name="android.intent.action.VIEW" />
116-->src\main\AndroidManifest.xml:55:11-63
116-->src\main\AndroidManifest.xml:55:19-60
117
118                <category android:name="android.intent.category.DEFAULT" />
118-->src\main\AndroidManifest.xml:56:11-70
118-->src\main\AndroidManifest.xml:56:21-67
119
120                <data
120-->src\main\AndroidManifest.xml:57:11-59:40
121                    android:host="response"
121-->src\main\AndroidManifest.xml:58:15-38
122                    android:scheme="order" />
122-->src\main\AndroidManifest.xml:59:15-37
123            </intent-filter>
124        </activity>
125
126        <receiver
126-->[:react-native-device-info] AndroidManifest.xml:13:9-21:20
127            android:name="com.learnium.RNDeviceInfo.RNDeviceReceiver"
127-->[:react-native-device-info] AndroidManifest.xml:14:13-70
128            android:enabled="true"
128-->[:react-native-device-info] AndroidManifest.xml:15:13-35
129            android:exported="true" >
129-->[:react-native-device-info] AndroidManifest.xml:16:13-36
130            <intent-filter>
130-->[:react-native-device-info] AndroidManifest.xml:18:13-20:29
131                <action android:name="com.android.vending.INSTALL_REFERRER" />
131-->[:react-native-device-info] AndroidManifest.xml:19:17-79
131-->[:react-native-device-info] AndroidManifest.xml:19:25-76
132            </intent-filter>
133        </receiver>
134
135        <provider
135-->[:react-native-image-picker] AndroidManifest.xml:12:9-20:20
136            android:name="com.imagepicker.ImagePickerProvider"
136-->[:react-native-image-picker] AndroidManifest.xml:13:13-63
137            android:authorities="com.popingressos.imagepickerprovider"
137-->[:react-native-image-picker] AndroidManifest.xml:14:13-71
138            android:exported="false"
138-->[:react-native-image-picker] AndroidManifest.xml:15:13-37
139            android:grantUriPermissions="true" >
139-->[:react-native-image-picker] AndroidManifest.xml:16:13-47
140            <meta-data
140-->[:react-native-image-picker] AndroidManifest.xml:17:13-19:70
141                android:name="android.support.FILE_PROVIDER_PATHS"
141-->[:react-native-image-picker] AndroidManifest.xml:18:17-67
142                android:resource="@xml/imagepicker_provider_paths" />
142-->[:react-native-image-picker] AndroidManifest.xml:19:17-67
143        </provider>
144        <provider
144-->[:react-native-webview] AndroidManifest.xml:12:9-20:20
145            android:name="com.reactnativecommunity.webview.RNCWebViewFileProvider"
145-->[:react-native-webview] AndroidManifest.xml:13:13-83
146            android:authorities="com.popingressos.fileprovider"
146-->[:react-native-webview] AndroidManifest.xml:14:13-64
147            android:exported="false"
147-->[:react-native-webview] AndroidManifest.xml:15:13-37
148            android:grantUriPermissions="true" >
148-->[:react-native-webview] AndroidManifest.xml:16:13-47
149            <meta-data
149-->[:react-native-image-picker] AndroidManifest.xml:17:13-19:70
150                android:name="android.support.FILE_PROVIDER_PATHS"
150-->[:react-native-image-picker] AndroidManifest.xml:18:17-67
151                android:resource="@xml/file_provider_paths" />
151-->[:react-native-image-picker] AndroidManifest.xml:19:17-67
152        </provider>
153        <provider
153-->[:react-native-image-crop-picker] AndroidManifest.xml:19:9-27:20
154            android:name="androidx.core.content.FileProvider"
154-->[:react-native-image-crop-picker] AndroidManifest.xml:20:13-62
155            android:authorities="com.popingressos.provider"
155-->[:react-native-image-crop-picker] AndroidManifest.xml:21:13-60
156            android:exported="false"
156-->[:react-native-image-crop-picker] AndroidManifest.xml:22:13-37
157            android:grantUriPermissions="true" >
157-->[:react-native-image-crop-picker] AndroidManifest.xml:23:13-47
158            <meta-data
158-->[:react-native-image-picker] AndroidManifest.xml:17:13-19:70
159                android:name="android.support.FILE_PROVIDER_PATHS"
159-->[:react-native-image-picker] AndroidManifest.xml:18:17-67
160                android:resource="@xml/provider_paths" />
160-->[:react-native-image-picker] AndroidManifest.xml:19:17-67
161        </provider>
162
163        <activity
163-->[:react-native-image-crop-picker] AndroidManifest.xml:29:9-31:72
164            android:name="com.yalantis.ucrop.UCropActivity"
164-->[:react-native-image-crop-picker] AndroidManifest.xml:30:13-60
165            android:theme="@style/Theme.AppCompat.Light.NoActionBar" />
165-->[:react-native-image-crop-picker] AndroidManifest.xml:31:13-69
166
167        <meta-data
167-->[:@react-native-firebase_app] AndroidManifest.xml:12:9-14:36
168            android:name="app_data_collection_default_enabled"
168-->[:@react-native-firebase_app] AndroidManifest.xml:13:13-63
169            android:value="true" />
169-->[:@react-native-firebase_app] AndroidManifest.xml:14:13-33
170
171        <service
171-->[:@react-native-firebase_app] AndroidManifest.xml:16:9-20:19
172            android:name="com.google.firebase.components.ComponentDiscoveryService"
172-->[:@react-native-firebase_app] AndroidManifest.xml:16:18-89
173            android:directBootAware="true"
173-->[com.google.firebase:firebase-common:20.0.0] AndroidManifest.xml:35:13-43
174            android:exported="false" >
174-->[com.google.firebase:firebase-messaging:22.0.0] AndroidManifest.xml:51:13-37
175            <meta-data
175-->[:@react-native-firebase_app] AndroidManifest.xml:17:13-19:85
176                android:name="com.google.firebase.components:io.invertase.firebase.app.ReactNativeFirebaseAppRegistrar"
176-->[:@react-native-firebase_app] AndroidManifest.xml:18:17-120
177                android:value="com.google.firebase.components.ComponentRegistrar" />
177-->[:@react-native-firebase_app] AndroidManifest.xml:19:17-82
178            <meta-data
178-->[com.google.firebase:firebase-messaging:22.0.0] AndroidManifest.xml:52:13-54:85
179                android:name="com.google.firebase.components:com.google.firebase.messaging.FirebaseMessagingRegistrar"
179-->[com.google.firebase:firebase-messaging:22.0.0] AndroidManifest.xml:53:17-119
180                android:value="com.google.firebase.components.ComponentRegistrar" />
180-->[com.google.firebase:firebase-messaging:22.0.0] AndroidManifest.xml:54:17-82
181            <meta-data
181-->[com.google.firebase:firebase-datatransport:18.0.0] AndroidManifest.xml:28:13-30:85
182                android:name="com.google.firebase.components:com.google.firebase.datatransport.TransportRegistrar"
182-->[com.google.firebase:firebase-datatransport:18.0.0] AndroidManifest.xml:29:17-115
183                android:value="com.google.firebase.components.ComponentRegistrar" />
183-->[com.google.firebase:firebase-datatransport:18.0.0] AndroidManifest.xml:30:17-82
184            <meta-data
184-->[com.google.firebase:firebase-installations:17.0.0] AndroidManifest.xml:18:13-20:85
185                android:name="com.google.firebase.components:com.google.firebase.installations.FirebaseInstallationsRegistrar"
185-->[com.google.firebase:firebase-installations:17.0.0] AndroidManifest.xml:19:17-127
186                android:value="com.google.firebase.components.ComponentRegistrar" />
186-->[com.google.firebase:firebase-installations:17.0.0] AndroidManifest.xml:20:17-82
187        </service>
188
189        <provider
189-->[:@react-native-firebase_app] AndroidManifest.xml:22:9-26:38
190            android:name="io.invertase.firebase.app.ReactNativeFirebaseAppInitProvider"
190-->[:@react-native-firebase_app] AndroidManifest.xml:23:13-88
191            android:authorities="com.popingressos.reactnativefirebaseappinitprovider"
191-->[:@react-native-firebase_app] AndroidManifest.xml:24:13-86
192            android:exported="false"
192-->[:@react-native-firebase_app] AndroidManifest.xml:25:13-37
193            android:initOrder="99" />
193-->[:@react-native-firebase_app] AndroidManifest.xml:26:13-35
194
195        <meta-data
195-->[:unimodules-react-native-adapter] AndroidManifest.xml:12:9-14:91
196            android:name="org.unimodules.core.AppLoader#react-native-headless"
196-->[:unimodules-react-native-adapter] AndroidManifest.xml:13:13-79
197            android:value="org.unimodules.adapters.react.apploader.RNHeadlessAppLoader" />
197-->[:unimodules-react-native-adapter] AndroidManifest.xml:14:13-88
198
199        <receiver
199-->[com.onesignal:OneSignal:4.1.0] AndroidManifest.xml:49:9-59:20
200            android:name="com.onesignal.FCMBroadcastReceiver"
200-->[com.onesignal:OneSignal:4.1.0] AndroidManifest.xml:50:13-62
201            android:permission="com.google.android.c2dm.permission.SEND" >
201-->[com.onesignal:OneSignal:4.1.0] AndroidManifest.xml:51:13-73
202
203            <!-- High priority so OneSignal payloads can be filtered from other FCM receivers -->
204            <intent-filter android:priority="999" >
204-->[com.onesignal:OneSignal:4.1.0] AndroidManifest.xml:54:13-58:29
204-->[com.onesignal:OneSignal:4.1.0] AndroidManifest.xml:54:28-50
205                <action android:name="com.google.android.c2dm.intent.RECEIVE" />
205-->[com.onesignal:OneSignal:4.1.0] AndroidManifest.xml:55:17-81
205-->[com.onesignal:OneSignal:4.1.0] AndroidManifest.xml:55:25-78
206
207                <category android:name="com.popingressos" />
207-->[com.onesignal:OneSignal:4.1.0] AndroidManifest.xml:57:17-61
207-->[com.onesignal:OneSignal:4.1.0] AndroidManifest.xml:57:27-58
208            </intent-filter>
209        </receiver>
210
211        <service
211-->[com.onesignal:OneSignal:4.1.0] AndroidManifest.xml:61:9-67:19
212            android:name="com.onesignal.HmsMessageServiceOneSignal"
212-->[com.onesignal:OneSignal:4.1.0] AndroidManifest.xml:62:13-68
213            android:exported="false" >
213-->[com.onesignal:OneSignal:4.1.0] AndroidManifest.xml:63:13-37
214            <intent-filter>
214-->[com.onesignal:OneSignal:4.1.0] AndroidManifest.xml:64:13-66:29
215                <action android:name="com.huawei.push.action.MESSAGING_EVENT" />
215-->[com.onesignal:OneSignal:4.1.0] AndroidManifest.xml:65:17-81
215-->[com.onesignal:OneSignal:4.1.0] AndroidManifest.xml:65:25-78
216            </intent-filter>
217        </service>
218
219        <activity
219-->[com.onesignal:OneSignal:4.1.0] AndroidManifest.xml:69:9-76:20
220            android:name="com.onesignal.NotificationOpenedActivityHMS"
220-->[com.onesignal:OneSignal:4.1.0] AndroidManifest.xml:70:13-71
221            android:noHistory="true"
221-->[com.onesignal:OneSignal:4.1.0] AndroidManifest.xml:71:13-37
222            android:theme="@android:style/Theme.Translucent.NoTitleBar" >
222-->[com.onesignal:OneSignal:4.1.0] AndroidManifest.xml:72:13-72
223            <intent-filter>
223-->[com.onesignal:OneSignal:4.1.0] AndroidManifest.xml:73:13-75:29
224                <action android:name="android.intent.action.VIEW" />
224-->src\main\AndroidManifest.xml:55:11-63
224-->src\main\AndroidManifest.xml:55:19-60
225            </intent-filter>
226        </activity>
227
228        <service android:name="com.onesignal.FCMIntentService" />
228-->[com.onesignal:OneSignal:4.1.0] AndroidManifest.xml:78:9-66
228-->[com.onesignal:OneSignal:4.1.0] AndroidManifest.xml:78:18-63
229        <service
229-->[com.onesignal:OneSignal:4.1.0] AndroidManifest.xml:79:9-81:72
230            android:name="com.onesignal.FCMIntentJobService"
230-->[com.onesignal:OneSignal:4.1.0] AndroidManifest.xml:80:13-61
231            android:permission="android.permission.BIND_JOB_SERVICE" />
231-->[com.onesignal:OneSignal:4.1.0] AndroidManifest.xml:81:13-69
232        <service
232-->[com.onesignal:OneSignal:4.1.0] AndroidManifest.xml:82:9-84:43
233            android:name="com.onesignal.FocusDelaySyncService"
233-->[com.onesignal:OneSignal:4.1.0] AndroidManifest.xml:83:13-63
234            android:stopWithTask="true" />
234-->[com.onesignal:OneSignal:4.1.0] AndroidManifest.xml:84:13-40
235        <service
235-->[com.onesignal:OneSignal:4.1.0] AndroidManifest.xml:85:9-87:72
236            android:name="com.onesignal.FocusDelaySyncJobService"
236-->[com.onesignal:OneSignal:4.1.0] AndroidManifest.xml:86:13-66
237            android:permission="android.permission.BIND_JOB_SERVICE" />
237-->[com.onesignal:OneSignal:4.1.0] AndroidManifest.xml:87:13-69
238        <service
238-->[com.onesignal:OneSignal:4.1.0] AndroidManifest.xml:88:9-90:43
239            android:name="com.onesignal.SyncService"
239-->[com.onesignal:OneSignal:4.1.0] AndroidManifest.xml:89:13-53
240            android:stopWithTask="true" />
240-->[com.onesignal:OneSignal:4.1.0] AndroidManifest.xml:90:13-40
241        <service
241-->[com.onesignal:OneSignal:4.1.0] AndroidManifest.xml:91:9-93:72
242            android:name="com.onesignal.SyncJobService"
242-->[com.onesignal:OneSignal:4.1.0] AndroidManifest.xml:92:13-56
243            android:permission="android.permission.BIND_JOB_SERVICE" />
243-->[com.onesignal:OneSignal:4.1.0] AndroidManifest.xml:93:13-69
244
245        <activity
245-->[com.onesignal:OneSignal:4.1.0] AndroidManifest.xml:95:9-97:75
246            android:name="com.onesignal.PermissionsActivity"
246-->[com.onesignal:OneSignal:4.1.0] AndroidManifest.xml:96:13-61
247            android:theme="@android:style/Theme.Translucent.NoTitleBar" />
247-->[com.onesignal:OneSignal:4.1.0] AndroidManifest.xml:97:13-72
248
249        <receiver android:name="com.onesignal.NotificationDismissReceiver" />
249-->[com.onesignal:OneSignal:4.1.0] AndroidManifest.xml:99:9-78
249-->[com.onesignal:OneSignal:4.1.0] AndroidManifest.xml:99:19-75
250        <receiver android:name="com.onesignal.BootUpReceiver" >
250-->[com.onesignal:OneSignal:4.1.0] AndroidManifest.xml:100:9-105:20
250-->[com.onesignal:OneSignal:4.1.0] AndroidManifest.xml:100:19-62
251            <intent-filter>
251-->[com.onesignal:OneSignal:4.1.0] AndroidManifest.xml:101:13-104:29
252                <action android:name="android.intent.action.BOOT_COMPLETED" />
252-->[com.onesignal:OneSignal:4.1.0] AndroidManifest.xml:102:17-79
252-->[com.onesignal:OneSignal:4.1.0] AndroidManifest.xml:102:25-76
253                <action android:name="android.intent.action.QUICKBOOT_POWERON" />
253-->[com.onesignal:OneSignal:4.1.0] AndroidManifest.xml:103:17-82
253-->[com.onesignal:OneSignal:4.1.0] AndroidManifest.xml:103:25-79
254            </intent-filter>
255        </receiver>
256        <receiver android:name="com.onesignal.UpgradeReceiver" >
256-->[com.onesignal:OneSignal:4.1.0] AndroidManifest.xml:106:9-110:20
256-->[com.onesignal:OneSignal:4.1.0] AndroidManifest.xml:106:19-63
257            <intent-filter>
257-->[com.onesignal:OneSignal:4.1.0] AndroidManifest.xml:107:13-109:29
258                <action android:name="android.intent.action.MY_PACKAGE_REPLACED" />
258-->[com.onesignal:OneSignal:4.1.0] AndroidManifest.xml:108:17-84
258-->[com.onesignal:OneSignal:4.1.0] AndroidManifest.xml:108:25-81
259            </intent-filter>
260        </receiver>
261
262        <activity
262-->[com.onesignal:OneSignal:4.1.0] AndroidManifest.xml:112:9-115:75
263            android:name="com.onesignal.NotificationOpenedReceiver"
263-->[com.onesignal:OneSignal:4.1.0] AndroidManifest.xml:113:13-68
264            android:noHistory="true"
264-->[com.onesignal:OneSignal:4.1.0] AndroidManifest.xml:114:13-37
265            android:theme="@android:style/Theme.Translucent.NoTitleBar" />
265-->[com.onesignal:OneSignal:4.1.0] AndroidManifest.xml:115:13-72
266        <activity
266-->[com.facebook.android:facebook-common:9.0.0] AndroidManifest.xml:30:9-33:66
267            android:name="com.facebook.FacebookActivity"
267-->[com.facebook.android:facebook-common:9.0.0] AndroidManifest.xml:31:13-57
268            android:configChanges="keyboard|keyboardHidden|screenLayout|screenSize|orientation"
268-->[com.facebook.android:facebook-common:9.0.0] AndroidManifest.xml:32:13-96
269            android:theme="@style/com_facebook_activity_theme" />
269-->[com.facebook.android:facebook-common:9.0.0] AndroidManifest.xml:33:13-63
270        <activity android:name="com.facebook.CustomTabMainActivity" />
270-->[com.facebook.android:facebook-common:9.0.0] AndroidManifest.xml:34:9-71
270-->[com.facebook.android:facebook-common:9.0.0] AndroidManifest.xml:34:19-68
271        <activity
271-->[com.facebook.android:facebook-common:9.0.0] AndroidManifest.xml:35:9-49:20